<?xml version="1.0" encoding="UTF-8"?>
<!-- Generated by org.testng.reporters.JUnitReportReporter -->
<testsuite hostname="LAPTOP-71LTR7MS" failures="0" tests="1" name="com.qa.testBase.TestBase" time="28.443" errors="0" timestamp="2023-03-27T12:09:43 IST" skipped="0">
  <testcase classname="com.qa.testBase.TestBase" name="setUp" time="28.443"/>
  <system-out/>
</testsuite> <!-- com.qa.testBase.TestBase -->
