<?xml version="1.0" encoding="UTF-8"?>
<!-- Generated by org.testng.reporters.JUnitReportReporter -->
<testsuite hostname="LAPTOP-71LTR7MS" failures="0" tests="1" name="com.qa.testLayer.SmartPhoneBasicsMobilesTest" time="41.719" errors="0" timestamp="2023-06-06T14:14:36 IST" skipped="0">
  <testcase classname="com.qa.testLayer.SmartPhoneBasicsMobilesTest" name="verifySmartPhonesBasicsMobiles" time="41.719"/>
  <system-out/>
</testsuite> <!-- com.qa.testLayer.SmartPhoneBasicsMobilesTest -->
