<?xml version="1.0" encoding="UTF-8"?>
<!-- Generated by org.testng.reporters.JUnitReportReporter -->
<testsuite hostname="LAPTOP-71LTR7MS" failures="0" tests="1" name="com.qa.testLayer.SignInPageEnterEmailTest" time="75.722" errors="0" timestamp="2023-05-16T21:07:32 IST" skipped="0">
  <testcase classname="com.qa.testLayer.SignInPageEnterEmailTest" name="verifySignInFunctionality" time="75.722"/>
  <system-out/>
</testsuite> <!-- com.qa.testLayer.SignInPageEnterEmailTest -->
