<?xml version="1.0" encoding="UTF-8"?>
<!-- Generated by org.testng.reporters.JUnitReportReporter -->
<testsuite hostname="LAPTOP-71LTR7MS" failures="0" tests="1" name="com.qa.testLayer.MobilePageTest" time="34.940" errors="0" timestamp="2023-05-30T21:12:41 IST" skipped="0">
  <testcase classname="com.qa.testLayer.MobilePageTest" name="verifyMobilePage" time="34.940"/>
  <system-out/>
</testsuite> <!-- com.qa.testLayer.MobilePageTest -->
